[2023-06-11 00:01:34] INFO org.springframework.boot.devtools.autoconfigure.LocalDevToolsAutoConfiguration$RestartingClassPathChangeChangedEventListener(LocalDevToolsAutoConfiguration.java:211) - Restarting due to 1 class path change (0 additions, 0 deletions, 1 modification)
[2023-06-11 00:01:34] INFO org.apache.coyote.http11.Http11NioProtocol(DirectJDKLog.java:173) - Pausing ProtocolHandler ["http-nio-8091"]
[2023-06-11 00:01:34] INFO org.apache.catalina.core.StandardService(DirectJDKLog.java:173) - Stopping service [Tomcat]
[2023-06-11 00:01:34] INFO org.apache.catalina.core.ContainerBase.[Tomcat].[localhost].[/project](DirectJDKLog.java:173) - Destroying Spring FrameworkServlet 'dispatcherServlet'
[2023-06-11 00:01:34] WARN org.apache.catalina.loader.WebappClassLoaderBase(DirectJDKLog.java:173) - The web application [project] appears to have started a thread named [HikariPool-21 housekeeper] but has failed to stop it. This is very likely to create a memory leak. Stack trace of thread:
 sun.misc.Unsafe.park(Native Method)
 java.util.concurrent.locks.LockSupport.parkNanos(Unknown Source)
 java.util.concurrent.locks.AbstractQueuedSynchronizer$ConditionObject.awaitNanos(Unknown Source)
 java.util.concurrent.ScheduledThreadPoolExecutor$DelayedWorkQueue.take(Unknown Source)
 java.util.concurrent.ScheduledThreadPoolExecutor$DelayedWorkQueue.take(Unknown Source)
 java.util.concurrent.ThreadPoolExecutor.getTask(Unknown Source)
 java.util.concurrent.ThreadPoolExecutor.runWorker(Unknown Source)
 java.util.concurrent.ThreadPoolExecutor$Worker.run(Unknown Source)
 java.lang.Thread.run(Unknown Source)
[2023-06-11 00:01:34] INFO org.apache.coyote.http11.Http11NioProtocol(DirectJDKLog.java:173) - Stopping ProtocolHandler ["http-nio-8091"]
[2023-06-11 00:01:34] INFO org.apache.coyote.http11.Http11NioProtocol(DirectJDKLog.java:173) - Destroying ProtocolHandler ["http-nio-8091"]
[2023-06-11 00:01:34] INFO com.zaxxer.hikari.HikariDataSource(HikariDataSource.java:350) - HikariPool-21 - Shutdown initiated...
[2023-06-11 00:01:34] INFO com.zaxxer.hikari.HikariDataSource(HikariDataSource.java:352) - HikariPool-21 - Shutdown completed.
[2023-06-11 00:01:34] INFO com.project.BoardApplication(StartupInfoLogger.java:55) - Starting BoardApplication using Java 1.8.0_333 on DESKTOP-HUJUVSS with PID 13056 (C:\eclipse\petproject\boot_stu\workspace\board\target\classes started by Max in C:\eclipse\petproject\boot_stu\workspace\board)
[2023-06-11 00:01:34] INFO com.project.BoardApplication(SpringApplication.java:631) - No active profile set, falling back to 1 default profile: "default"
[2023-06-11 00:01:34] INFO org.springframework.boot.web.embedded.tomcat.TomcatWebServer(TomcatWebServer.java:108) - Tomcat initialized with port(s): 8091 (http)
[2023-06-11 00:01:34] INFO org.apache.coyote.http11.Http11NioProtocol(DirectJDKLog.java:173) - Initializing ProtocolHandler ["http-nio-8091"]
[2023-06-11 00:01:34] INFO org.apache.catalina.core.StandardService(DirectJDKLog.java:173) - Starting service [Tomcat]
[2023-06-11 00:01:34] INFO org.apache.catalina.core.StandardEngine(DirectJDKLog.java:173) - Starting Servlet engine: [Apache Tomcat/9.0.71]
[2023-06-11 00:01:34] INFO org.apache.catalina.core.ContainerBase.[Tomcat].[localhost].[/project](DirectJDKLog.java:173) - Initializing Spring embedded WebApplicationContext
[2023-06-11 00:01:34] INFO org.springframework.boot.web.servlet.context.ServletWebServerApplicationContext(ServletWebServerApplicationContext.java:292) - Root WebApplicationContext: initialization completed in 230 ms
[2023-06-11 00:01:34] INFO org.springframework.boot.devtools.autoconfigure.OptionalLiveReloadServer(OptionalLiveReloadServer.java:59) - LiveReload server is running on port 35729
[2023-06-11 00:01:34] INFO org.apache.coyote.http11.Http11NioProtocol(DirectJDKLog.java:173) - Starting ProtocolHandler ["http-nio-8091"]
[2023-06-11 00:01:34] INFO org.springframework.boot.web.embedded.tomcat.TomcatWebServer(TomcatWebServer.java:220) - Tomcat started on port(s): 8091 (http) with context path '/project'
[2023-06-11 00:01:34] INFO com.project.BoardApplication(StartupInfoLogger.java:61) - Started BoardApplication in 0.482 seconds (JVM running for 10846.334)
[2023-06-11 00:01:34] INFO org.springframework.boot.devtools.autoconfigure.ConditionEvaluationDeltaLoggingListener(ConditionEvaluationDeltaLoggingListener.java:63) - Condition evaluation unchanged
[2023-06-11 00:03:05] INFO org.springframework.boot.devtools.autoconfigure.LocalDevToolsAutoConfiguration$RestartingClassPathChangeChangedEventListener(LocalDevToolsAutoConfiguration.java:211) - Restarting due to 1 class path change (0 additions, 0 deletions, 1 modification)
[2023-06-11 00:03:05] INFO org.apache.coyote.http11.Http11NioProtocol(DirectJDKLog.java:173) - Pausing ProtocolHandler ["http-nio-8091"]
[2023-06-11 00:03:05] INFO org.apache.catalina.core.StandardService(DirectJDKLog.java:173) - Stopping service [Tomcat]
[2023-06-11 00:03:05] INFO org.apache.coyote.http11.Http11NioProtocol(DirectJDKLog.java:173) - Stopping ProtocolHandler ["http-nio-8091"]
[2023-06-11 00:03:05] INFO org.apache.coyote.http11.Http11NioProtocol(DirectJDKLog.java:173) - Destroying ProtocolHandler ["http-nio-8091"]
[2023-06-11 00:03:05] INFO com.project.BoardApplication(StartupInfoLogger.java:55) - Starting BoardApplication using Java 1.8.0_333 on DESKTOP-HUJUVSS with PID 13056 (C:\eclipse\petproject\boot_stu\workspace\board\target\classes started by Max in C:\eclipse\petproject\boot_stu\workspace\board)
[2023-06-11 00:03:05] INFO com.project.BoardApplication(SpringApplication.java:631) - No active profile set, falling back to 1 default profile: "default"
[2023-06-11 00:03:05] INFO org.springframework.boot.web.embedded.tomcat.TomcatWebServer(TomcatWebServer.java:108) - Tomcat initialized with port(s): 8091 (http)
[2023-06-11 00:03:05] INFO org.apache.coyote.http11.Http11NioProtocol(DirectJDKLog.java:173) - Initializing ProtocolHandler ["http-nio-8091"]
[2023-06-11 00:03:05] INFO org.apache.catalina.core.StandardService(DirectJDKLog.java:173) - Starting service [Tomcat]
[2023-06-11 00:03:05] INFO org.apache.catalina.core.StandardEngine(DirectJDKLog.java:173) - Starting Servlet engine: [Apache Tomcat/9.0.71]
[2023-06-11 00:03:05] INFO org.apache.catalina.core.ContainerBase.[Tomcat].[localhost].[/project](DirectJDKLog.java:173) - Initializing Spring embedded WebApplicationContext
[2023-06-11 00:03:05] INFO org.springframework.boot.web.servlet.context.ServletWebServerApplicationContext(ServletWebServerApplicationContext.java:292) - Root WebApplicationContext: initialization completed in 213 ms
[2023-06-11 00:03:05] INFO org.springframework.boot.devtools.autoconfigure.OptionalLiveReloadServer(OptionalLiveReloadServer.java:59) - LiveReload server is running on port 35729
[2023-06-11 00:03:05] INFO org.apache.coyote.http11.Http11NioProtocol(DirectJDKLog.java:173) - Starting ProtocolHandler ["http-nio-8091"]
[2023-06-11 00:03:05] INFO org.springframework.boot.web.embedded.tomcat.TomcatWebServer(TomcatWebServer.java:220) - Tomcat started on port(s): 8091 (http) with context path '/project'
[2023-06-11 00:03:05] INFO com.project.BoardApplication(StartupInfoLogger.java:61) - Started BoardApplication in 0.452 seconds (JVM running for 10937.306)
[2023-06-11 00:03:05] INFO org.springframework.boot.devtools.autoconfigure.ConditionEvaluationDeltaLoggingListener(ConditionEvaluationDeltaLoggingListener.java:63) - Condition evaluation unchanged
[2023-06-11 00:03:17] INFO org.springframework.boot.devtools.autoconfigure.LocalDevToolsAutoConfiguration$RestartingClassPathChangeChangedEventListener(LocalDevToolsAutoConfiguration.java:211) - Restarting due to 2 class path changes (0 additions, 0 deletions, 2 modifications)
[2023-06-11 00:03:17] INFO org.apache.coyote.http11.Http11NioProtocol(DirectJDKLog.java:173) - Pausing ProtocolHandler ["http-nio-8091"]
[2023-06-11 00:03:17] INFO org.apache.catalina.core.StandardService(DirectJDKLog.java:173) - Stopping service [Tomcat]
[2023-06-11 00:03:17] INFO org.apache.coyote.http11.Http11NioProtocol(DirectJDKLog.java:173) - Stopping ProtocolHandler ["http-nio-8091"]
[202